Frontend:
  impl: GEM5

MemorySystem:
  impl: GenericDRAM
  total_num_other_requests: 0
  total_num_write_requests: 0
  total_num_read_requests: 4
  memory_system_cycles: 175
  DRAM:
    impl: HBM2
  AddrMapper:
    impl: RoBaRaCoCh


  Controller:
    impl: Generic
    id: Channel 0
    avg_read_latency_0: 20
    read_queue_len_avg_0: 0.188571423
    write_queue_len_0: 0
    queue_len_0: 33
    num_other_reqs_0: 0
    num_write_reqs_0: 0
    read_latency_0: 40
    priority_queue_len_avg_0: 0
    row_hits_0: 1
    priority_queue_len_0: 0
    row_misses_0: 1
    row_conflicts_0: 0
    read_row_misses_0: 1
    queue_len_avg_0: 0.188571423
    read_row_conflicts_core_0: 0
    read_row_hits_0: 1
    write_queue_len_avg_0: 0
    read_row_conflicts_0: 0
    write_row_misses_0: 0
    write_row_conflicts_0: 0
    read_queue_len_0: 33
    write_row_hits_0: 0
    read_row_hits_core_0: 1
    read_row_misses_core_0: 1
    num_read_reqs_0: 2
    Scheduler:
      impl: FRFCFS
    RefreshManager:
      impl: AllBank
    RowPolicy:
      impl: OpenRowPolicy
    ControllerPlugin:
      impl: TraceRecorder



  Controller:
    impl: Generic
    id: Channel 1
    read_queue_len_avg_1: 0.188571423
    priority_queue_len_1: 0
    write_queue_len_1: 0
    num_write_reqs_1: 0
    row_hits_1: 1
    row_misses_1: 1
    avg_read_latency_1: 20
    queue_len_avg_1: 0.188571423
    read_queue_len_1: 33
    read_row_misses_1: 1
    priority_queue_len_avg_1: 0
    read_row_hits_1: 1
    queue_len_1: 33
    read_row_conflicts_1: 0
    num_read_reqs_1: 2
    num_other_reqs_1: 0
    row_conflicts_1: 0
    write_row_hits_1: 0
    write_queue_len_avg_1: 0
    write_row_misses_1: 0
    write_row_conflicts_1: 0
    read_row_hits_core_0: 1
    read_row_misses_core_0: 1
    read_latency_1: 40
    read_row_conflicts_core_0: 0
    Scheduler:
      impl: FRFCFS
    RefreshManager:
      impl: AllBank
    RowPolicy:
      impl: OpenRowPolicy
    ControllerPlugin:
      impl: TraceRecorder



